  MainMenuScreen.cpp
e:\radev\sdk\directx\include\d2derr.h(59): warning C4005: 'D2DERR_WRONG_STATE': macro redefinition
  c:\program files (x86)\windows kits\10\include\10.0.17763.0\shared\winerror.h(55988): note: see previous definition of 'D2DERR_WRONG_STATE'
e:\radev\sdk\directx\include\d2derr.h(64): warning C4005: 'D2DERR_NOT_INITIALIZED': macro redefinition
  c:\program files (x86)\windows kits\10\include\10.0.17763.0\shared\winerror.h(55997): note: see previous definition of 'D2DERR_NOT_INITIALIZED'
e:\radev\sdk\directx\include\d2derr.h(69): warning C4005: 'D2DERR_UNSUPPORTED_OPERATION': macro redefinition
  c:\program files (x86)\windows kits\10\include\10.0.17763.0\shared\winerror.h(56006): note: see previous definition of 'D2DERR_UNSUPPORTED_OPERATION'
e:\radev\sdk\directx\include\d2derr.h(74): warning C4005: 'D2DERR_SCANNER_FAILED': macro redefinition
  c:\program files (x86)\windows kits\10\include\10.0.17763.0\shared\winerror.h(56015): note: see previous definition of 'D2DERR_SCANNER_FAILED'
e:\radev\sdk\directx\include\d2derr.h(79): warning C4005: 'D2DERR_SCREEN_ACCESS_DENIED': macro redefinition
  c:\program files (x86)\windows kits\10\include\10.0.17763.0\shared\winerror.h(56024): note: see previous definition of 'D2DERR_SCREEN_ACCESS_DENIED'
e:\radev\sdk\directx\include\d2derr.h(84): warning C4005: 'D2DERR_DISPLAY_STATE_INVALID': macro redefinition
  c:\program files (x86)\windows kits\10\include\10.0.17763.0\shared\winerror.h(56033): note: see previous definition of 'D2DERR_DISPLAY_STATE_INVALID'
e:\radev\sdk\directx\include\d2derr.h(89): warning C4005: 'D2DERR_ZERO_VECTOR': macro redefinition
  c:\program files (x86)\windows kits\10\include\10.0.17763.0\shared\winerror.h(56042): note: see previous definition of 'D2DERR_ZERO_VECTOR'
e:\radev\sdk\directx\include\d2derr.h(97): warning C4005: 'D2DERR_INTERNAL_ERROR': macro redefinition
  c:\program files (x86)\windows kits\10\include\10.0.17763.0\shared\winerror.h(56051): note: see previous definition of 'D2DERR_INTERNAL_ERROR'
e:\radev\sdk\directx\include\d2derr.h(103): warning C4005: 'D2DERR_DISPLAY_FORMAT_NOT_SUPPORTED': macro redefinition
  c:\program files (x86)\windows kits\10\include\10.0.17763.0\shared\winerror.h(56060): note: see previous definition of 'D2DERR_DISPLAY_FORMAT_NOT_SUPPORTED'
e:\radev\sdk\directx\include\d2derr.h(108): warning C4005: 'D2DERR_INVALID_CALL': macro redefinition
  c:\program files (x86)\windows kits\10\include\10.0.17763.0\shared\winerror.h(56069): note: see previous definition of 'D2DERR_INVALID_CALL'
e:\radev\sdk\directx\include\d2derr.h(113): warning C4005: 'D2DERR_NO_HARDWARE_DEVICE': macro redefinition
  c:\program files (x86)\windows kits\10\include\10.0.17763.0\shared\winerror.h(56078): note: see previous definition of 'D2DERR_NO_HARDWARE_DEVICE'
e:\radev\sdk\directx\include\d2derr.h(119): warning C4005: 'D2DERR_RECREATE_TARGET': macro redefinition
  c:\program files (x86)\windows kits\10\include\10.0.17763.0\shared\winerror.h(56087): note: see previous definition of 'D2DERR_RECREATE_TARGET'
e:\radev\sdk\directx\include\d2derr.h(124): warning C4005: 'D2DERR_TOO_MANY_SHADER_ELEMENTS': macro redefinition
  c:\program files (x86)\windows kits\10\include\10.0.17763.0\shared\winerror.h(56096): note: see previous definition of 'D2DERR_TOO_MANY_SHADER_ELEMENTS'
e:\radev\sdk\directx\include\d2derr.h(129): warning C4005: 'D2DERR_SHADER_COMPILE_FAILED': macro redefinition
  c:\program files (x86)\windows kits\10\include\10.0.17763.0\shared\winerror.h(56105): note: see previous definition of 'D2DERR_SHADER_COMPILE_FAILED'
e:\radev\sdk\directx\include\d2derr.h(134): warning C4005: 'D2DERR_MAX_TEXTURE_SIZE_EXCEEDED': macro redefinition
  c:\program files (x86)\windows kits\10\include\10.0.17763.0\shared\winerror.h(56114): note: see previous definition of 'D2DERR_MAX_TEXTURE_SIZE_EXCEEDED'
e:\radev\sdk\directx\include\d2derr.h(139): warning C4005: 'D2DERR_UNSUPPORTED_VERSION': macro redefinition
  c:\program files (x86)\windows kits\10\include\10.0.17763.0\shared\winerror.h(56123): note: see previous definition of 'D2DERR_UNSUPPORTED_VERSION'
e:\radev\sdk\directx\include\d2derr.h(144): warning C4005: 'D2DERR_BAD_NUMBER': macro redefinition
  c:\program files (x86)\windows kits\10\include\10.0.17763.0\shared\winerror.h(56132): note: see previous definition of 'D2DERR_BAD_NUMBER'
e:\radev\sdk\directx\include\d2derr.h(149): warning C4005: 'D2DERR_WRONG_FACTORY': macro redefinition
  c:\program files (x86)\windows kits\10\include\10.0.17763.0\shared\winerror.h(56141): note: see previous definition of 'D2DERR_WRONG_FACTORY'
e:\radev\sdk\directx\include\d2derr.h(154): warning C4005: 'D2DERR_LAYER_ALREADY_IN_USE': macro redefinition
  c:\program files (x86)\windows kits\10\include\10.0.17763.0\shared\winerror.h(56150): note: see previous definition of 'D2DERR_LAYER_ALREADY_IN_USE'
e:\radev\sdk\directx\include\d2derr.h(159): warning C4005: 'D2DERR_POP_CALL_DID_NOT_MATCH_PUSH': macro redefinition
  c:\program files (x86)\windows kits\10\include\10.0.17763.0\shared\winerror.h(56159): note: see previous definition of 'D2DERR_POP_CALL_DID_NOT_MATCH_PUSH'
e:\radev\sdk\directx\include\d2derr.h(164): warning C4005: 'D2DERR_WRONG_RESOURCE_DOMAIN': macro redefinition
  c:\program files (x86)\windows kits\10\include\10.0.17763.0\shared\winerror.h(56168): note: see previous definition of 'D2DERR_WRONG_RESOURCE_DOMAIN'
e:\radev\sdk\directx\include\d2derr.h(169): warning C4005: 'D2DERR_PUSH_POP_UNBALANCED': macro redefinition
  c:\program files (x86)\windows kits\10\include\10.0.17763.0\shared\winerror.h(56177): note: see previous definition of 'D2DERR_PUSH_POP_UNBALANCED'
e:\radev\sdk\directx\include\d2derr.h(174): warning C4005: 'D2DERR_RENDER_TARGET_HAS_LAYER_OR_CLIPRECT': macro redefinition
  c:\program files (x86)\windows kits\10\include\10.0.17763.0\shared\winerror.h(56186): note: see previous definition of 'D2DERR_RENDER_TARGET_HAS_LAYER_OR_CLIPRECT'
e:\radev\sdk\directx\include\d2derr.h(179): warning C4005: 'D2DERR_INCOMPATIBLE_BRUSH_TYPES': macro redefinition
  c:\program files (x86)\windows kits\10\include\10.0.17763.0\shared\winerror.h(56195): note: see previous definition of 'D2DERR_INCOMPATIBLE_BRUSH_TYPES'
e:\radev\sdk\directx\include\d2derr.h(184): warning C4005: 'D2DERR_WIN32_ERROR': macro redefinition
  c:\program files (x86)\windows kits\10\include\10.0.17763.0\shared\winerror.h(56204): note: see previous definition of 'D2DERR_WIN32_ERROR'
e:\radev\sdk\directx\include\d2derr.h(189): warning C4005: 'D2DERR_TARGET_NOT_GDI_COMPATIBLE': macro redefinition
  c:\program files (x86)\windows kits\10\include\10.0.17763.0\shared\winerror.h(56213): note: see previous definition of 'D2DERR_TARGET_NOT_GDI_COMPATIBLE'
e:\radev\sdk\directx\include\d2derr.h(194): warning C4005: 'D2DERR_TEXT_EFFECT_IS_WRONG_TYPE': macro redefinition
  c:\program files (x86)\windows kits\10\include\10.0.17763.0\shared\winerror.h(56222): note: see previous definition of 'D2DERR_TEXT_EFFECT_IS_WRONG_TYPE'
e:\radev\sdk\directx\include\d2derr.h(201): warning C4005: 'D2DERR_TEXT_RENDERER_NOT_RELEASED': macro redefinition
  c:\program files (x86)\windows kits\10\include\10.0.17763.0\shared\winerror.h(56231): note: see previous definition of 'D2DERR_TEXT_RENDERER_NOT_RELEASED'
e:\radev\sdk\directx\include\d2derr.h(206): warning C4005: 'D2DERR_EXCEEDS_MAX_BITMAP_SIZE': macro redefinition
  c:\program files (x86)\windows kits\10\include\10.0.17763.0\shared\winerror.h(56240): note: see previous definition of 'D2DERR_EXCEEDS_MAX_BITMAP_SIZE'
e:\radev\sdk\directx\include\dxgitype.h(12): warning C4005: 'DXGI_STATUS_OCCLUDED': macro redefinition
  c:\program files (x86)\windows kits\10\include\10.0.17763.0\shared\winerror.h(55460): note: see previous definition of 'DXGI_STATUS_OCCLUDED'
e:\radev\sdk\directx\include\dxgitype.h(13): warning C4005: 'DXGI_STATUS_CLIPPED': macro redefinition
  c:\program files (x86)\windows kits\10\include\10.0.17763.0\shared\winerror.h(55469): note: see previous definition of 'DXGI_STATUS_CLIPPED'
e:\radev\sdk\directx\include\dxgitype.h(14): warning C4005: 'DXGI_STATUS_NO_REDIRECTION': macro redefinition
  c:\program files (x86)\windows kits\10\include\10.0.17763.0\shared\winerror.h(55478): note: see previous definition of 'DXGI_STATUS_NO_REDIRECTION'
e:\radev\sdk\directx\include\dxgitype.h(15): warning C4005: 'DXGI_STATUS_NO_DESKTOP_ACCESS': macro redefinition
  c:\program files (x86)\windows kits\10\include\10.0.17763.0\shared\winerror.h(55487): note: see previous definition of 'DXGI_STATUS_NO_DESKTOP_ACCESS'
e:\radev\sdk\directx\include\dxgitype.h(16): warning C4005: 'DXGI_STATUS_GRAPHICS_VIDPN_SOURCE_IN_USE': macro redefinition
  c:\program files (x86)\windows kits\10\include\10.0.17763.0\shared\winerror.h(55496): note: see previous definition of 'DXGI_STATUS_GRAPHICS_VIDPN_SOURCE_IN_USE'
e:\radev\sdk\directx\include\dxgitype.h(17): warning C4005: 'DXGI_STATUS_MODE_CHANGED': macro redefinition
  c:\program files (x86)\windows kits\10\include\10.0.17763.0\shared\winerror.h(55505): note: see previous definition of 'DXGI_STATUS_MODE_CHANGED'
e:\radev\sdk\directx\include\dxgitype.h(18): warning C4005: 'DXGI_STATUS_MODE_CHANGE_IN_PROGRESS': macro redefinition
  c:\program files (x86)\windows kits\10\include\10.0.17763.0\shared\winerror.h(55514): note: see previous definition of 'DXGI_STATUS_MODE_CHANGE_IN_PROGRESS'
e:\radev\sdk\directx\include\dxgitype.h(21): warning C4005: 'DXGI_ERROR_INVALID_CALL': macro redefinition
  c:\program files (x86)\windows kits\10\include\10.0.17763.0\shared\winerror.h(55529): note: see previous definition of 'DXGI_ERROR_INVALID_CALL'
e:\radev\sdk\directx\include\dxgitype.h(22): warning C4005: 'DXGI_ERROR_NOT_FOUND': macro redefinition
  c:\program files (x86)\windows kits\10\include\10.0.17763.0\shared\winerror.h(55538): note: see previous definition of 'DXGI_ERROR_NOT_FOUND'
e:\radev\sdk\directx\include\dxgitype.h(23): warning C4005: 'DXGI_ERROR_MORE_DATA': macro redefinition
  c:\program files (x86)\windows kits\10\include\10.0.17763.0\shared\winerror.h(55547): note: see previous definition of 'DXGI_ERROR_MORE_DATA'
e:\radev\sdk\directx\include\dxgitype.h(24): warning C4005: 'DXGI_ERROR_UNSUPPORTED': macro redefinition
  c:\program files (x86)\windows kits\10\include\10.0.17763.0\shared\winerror.h(55556): note: see previous definition of 'DXGI_ERROR_UNSUPPORTED'
e:\radev\sdk\directx\include\dxgitype.h(25): warning C4005: 'DXGI_ERROR_DEVICE_REMOVED': macro redefinition
  c:\program files (x86)\windows kits\10\include\10.0.17763.0\shared\winerror.h(55565): note: see previous definition of 'DXGI_ERROR_DEVICE_REMOVED'
e:\radev\sdk\directx\include\dxgitype.h(26): warning C4005: 'DXGI_ERROR_DEVICE_HUNG': macro redefinition
  c:\program files (x86)\windows kits\10\include\10.0.17763.0\shared\winerror.h(55574): note: see previous definition of 'DXGI_ERROR_DEVICE_HUNG'
e:\radev\sdk\directx\include\dxgitype.h(27): warning C4005: 'DXGI_ERROR_DEVICE_RESET': macro redefinition
  c:\program files (x86)\windows kits\10\include\10.0.17763.0\shared\winerror.h(55584): note: see previous definition of 'DXGI_ERROR_DEVICE_RESET'
e:\radev\sdk\directx\include\dxgitype.h(28): warning C4005: 'DXGI_ERROR_WAS_STILL_DRAWING': macro redefinition
  c:\program files (x86)\windows kits\10\include\10.0.17763.0\shared\winerror.h(55593): note: see previous definition of 'DXGI_ERROR_WAS_STILL_DRAWING'
e:\radev\sdk\directx\include\dxgitype.h(29): warning C4005: 'DXGI_ERROR_FRAME_STATISTICS_DISJOINT': macro redefinition
  c:\program files (x86)\windows kits\10\include\10.0.17763.0\shared\winerror.h(55603): note: see previous definition of 'DXGI_ERROR_FRAME_STATISTICS_DISJOINT'
e:\radev\sdk\directx\include\dxgitype.h(30): warning C4005: 'DXGI_ERROR_GRAPHICS_VIDPN_SOURCE_IN_USE': macro redefinition
  c:\program files (x86)\windows kits\10\include\10.0.17763.0\shared\winerror.h(55612): note: see previous definition of 'DXGI_ERROR_GRAPHICS_VIDPN_SOURCE_IN_USE'
e:\radev\sdk\directx\include\dxgitype.h(31): warning C4005: 'DXGI_ERROR_DRIVER_INTERNAL_ERROR': macro redefinition
  c:\program files (x86)\windows kits\10\include\10.0.17763.0\shared\winerror.h(55622): note: see previous definition of 'DXGI_ERROR_DRIVER_INTERNAL_ERROR'
e:\radev\sdk\directx\include\dxgitype.h(32): warning C4005: 'DXGI_ERROR_NONEXCLUSIVE': macro redefinition
  c:\program files (x86)\windows kits\10\include\10.0.17763.0\shared\winerror.h(55631): note: see previous definition of 'DXGI_ERROR_NONEXCLUSIVE'
e:\radev\sdk\directx\include\dxgitype.h(33): warning C4005: 'DXGI_ERROR_NOT_CURRENTLY_AVAILABLE': macro redefinition
  c:\program files (x86)\windows kits\10\include\10.0.17763.0\shared\winerror.h(55640): note: see previous definition of 'DXGI_ERROR_NOT_CURRENTLY_AVAILABLE'
e:\radev\sdk\directx\include\dxgitype.h(34): warning C4005: 'DXGI_ERROR_REMOTE_CLIENT_DISCONNECTED': macro redefinition
  c:\program files (x86)\windows kits\10\include\10.0.17763.0\shared\winerror.h(55650): note: see previous definition of 'DXGI_ERROR_REMOTE_CLIENT_DISCONNECTED'
e:\radev\sdk\directx\include\dxgitype.h(35): warning C4005: 'DXGI_ERROR_REMOTE_OUTOFMEMORY': macro redefinition
  c:\program files (x86)\windows kits\10\include\10.0.17763.0\shared\winerror.h(55659): note: see previous definition of 'DXGI_ERROR_REMOTE_OUTOFMEMORY'
e:\radev\sdk\directx\include\d3d10.h(608): warning C4005: 'D3D10_ERROR_TOO_MANY_UNIQUE_STATE_OBJECTS': macro redefinition
  c:\program files (x86)\windows kits\10\include\10.0.17763.0\shared\winerror.h(55899): note: see previous definition of 'D3D10_ERROR_TOO_MANY_UNIQUE_STATE_OBJECTS'
e:\radev\sdk\directx\include\d3d10.h(609): warning C4005: 'D3D10_ERROR_FILE_NOT_FOUND': macro redefinition
  c:\program files (x86)\windows kits\10\include\10.0.17763.0\shared\winerror.h(55908): note: see previous definition of 'D3D10_ERROR_FILE_NOT_FOUND'
e:\radev\sdk\directx\include\dwrite.h(4962): warning C4005: 'DWRITE_E_FILEFORMAT': macro redefinition
  c:\program files (x86)\windows kits\10\include\10.0.17763.0\shared\winerror.h(56407): note: see previous definition of 'DWRITE_E_FILEFORMAT'
e:\radev\sdk\directx\include\dwrite.h(4967): warning C4005: 'DWRITE_E_UNEXPECTED': macro redefinition
  c:\program files (x86)\windows kits\10\include\10.0.17763.0\shared\winerror.h(56416): note: see previous definition of 'DWRITE_E_UNEXPECTED'
e:\radev\sdk\directx\include\dwrite.h(4972): warning C4005: 'DWRITE_E_NOFONT': macro redefinition
  c:\program files (x86)\windows kits\10\include\10.0.17763.0\shared\winerror.h(56425): note: see previous definition of 'DWRITE_E_NOFONT'
e:\radev\sdk\directx\include\dwrite.h(4978): warning C4005: 'DWRITE_E_FILENOTFOUND': macro redefinition
  c:\program files (x86)\windows kits\10\include\10.0.17763.0\shared\winerror.h(56434): note: see previous definition of 'DWRITE_E_FILENOTFOUND'
e:\radev\sdk\directx\include\dwrite.h(4983): warning C4005: 'DWRITE_E_FILEACCESS': macro redefinition
  c:\program files (x86)\windows kits\10\include\10.0.17763.0\shared\winerror.h(56443): note: see previous definition of 'DWRITE_E_FILEACCESS'
e:\radev\sdk\directx\include\dwrite.h(4988): warning C4005: 'DWRITE_E_FONTCOLLECTIONOBSOLETE': macro redefinition
  c:\program files (x86)\windows kits\10\include\10.0.17763.0\shared\winerror.h(56452): note: see previous definition of 'DWRITE_E_FONTCOLLECTIONOBSOLETE'
e:\radev\sdk\directx\include\dwrite.h(4993): warning C4005: 'DWRITE_E_ALREADYREGISTERED': macro redefinition
  c:\program files (x86)\windows kits\10\include\10.0.17763.0\shared\winerror.h(56461): note: see previous definition of 'DWRITE_E_ALREADYREGISTERED'
  TitleScreen.cpp
e:\radev\sdk\directx\include\d2derr.h(59): warning C4005: 'D2DERR_WRONG_STATE': macro redefinition
  c:\program files (x86)\windows kits\10\include\10.0.17763.0\shared\winerror.h(55988): note: see previous definition of 'D2DERR_WRONG_STATE'
e:\radev\sdk\directx\include\d2derr.h(64): warning C4005: 'D2DERR_NOT_INITIALIZED': macro redefinition
  c:\program files (x86)\windows kits\10\include\10.0.17763.0\shared\winerror.h(55997): note: see previous definition of 'D2DERR_NOT_INITIALIZED'
e:\radev\sdk\directx\include\d2derr.h(69): warning C4005: 'D2DERR_UNSUPPORTED_OPERATION': macro redefinition
  c:\program files (x86)\windows kits\10\include\10.0.17763.0\shared\winerror.h(56006): note: see previous definition of 'D2DERR_UNSUPPORTED_OPERATION'
e:\radev\sdk\directx\include\d2derr.h(74): warning C4005: 'D2DERR_SCANNER_FAILED': macro redefinition
  c:\program files (x86)\windows kits\10\include\10.0.17763.0\shared\winerror.h(56015): note: see previous definition of 'D2DERR_SCANNER_FAILED'
e:\radev\sdk\directx\include\d2derr.h(79): warning C4005: 'D2DERR_SCREEN_ACCESS_DENIED': macro redefinition
  c:\program files (x86)\windows kits\10\include\10.0.17763.0\shared\winerror.h(56024): note: see previous definition of 'D2DERR_SCREEN_ACCESS_DENIED'
e:\radev\sdk\directx\include\d2derr.h(84): warning C4005: 'D2DERR_DISPLAY_STATE_INVALID': macro redefinition
  c:\program files (x86)\windows kits\10\include\10.0.17763.0\shared\winerror.h(56033): note: see previous definition of 'D2DERR_DISPLAY_STATE_INVALID'
e:\radev\sdk\directx\include\d2derr.h(89): warning C4005: 'D2DERR_ZERO_VECTOR': macro redefinition
  c:\program files (x86)\windows kits\10\include\10.0.17763.0\shared\winerror.h(56042): note: see previous definition of 'D2DERR_ZERO_VECTOR'
e:\radev\sdk\directx\include\d2derr.h(97): warning C4005: 'D2DERR_INTERNAL_ERROR': macro redefinition
  c:\program files (x86)\windows kits\10\include\10.0.17763.0\shared\winerror.h(56051): note: see previous definition of 'D2DERR_INTERNAL_ERROR'
e:\radev\sdk\directx\include\d2derr.h(103): warning C4005: 'D2DERR_DISPLAY_FORMAT_NOT_SUPPORTED': macro redefinition
  c:\program files (x86)\windows kits\10\include\10.0.17763.0\shared\winerror.h(56060): note: see previous definition of 'D2DERR_DISPLAY_FORMAT_NOT_SUPPORTED'
e:\radev\sdk\directx\include\d2derr.h(108): warning C4005: 'D2DERR_INVALID_CALL': macro redefinition
  c:\program files (x86)\windows kits\10\include\10.0.17763.0\shared\winerror.h(56069): note: see previous definition of 'D2DERR_INVALID_CALL'
e:\radev\sdk\directx\include\d2derr.h(113): warning C4005: 'D2DERR_NO_HARDWARE_DEVICE': macro redefinition
  c:\program files (x86)\windows kits\10\include\10.0.17763.0\shared\winerror.h(56078): note: see previous definition of 'D2DERR_NO_HARDWARE_DEVICE'
e:\radev\sdk\directx\include\d2derr.h(119): warning C4005: 'D2DERR_RECREATE_TARGET': macro redefinition
  c:\program files (x86)\windows kits\10\include\10.0.17763.0\shared\winerror.h(56087): note: see previous definition of 'D2DERR_RECREATE_TARGET'
e:\radev\sdk\directx\include\d2derr.h(124): warning C4005: 'D2DERR_TOO_MANY_SHADER_ELEMENTS': macro redefinition
  c:\program files (x86)\windows kits\10\include\10.0.17763.0\shared\winerror.h(56096): note: see previous definition of 'D2DERR_TOO_MANY_SHADER_ELEMENTS'
e:\radev\sdk\directx\include\d2derr.h(129): warning C4005: 'D2DERR_SHADER_COMPILE_FAILED': macro redefinition
  c:\program files (x86)\windows kits\10\include\10.0.17763.0\shared\winerror.h(56105): note: see previous definition of 'D2DERR_SHADER_COMPILE_FAILED'
e:\radev\sdk\directx\include\d2derr.h(134): warning C4005: 'D2DERR_MAX_TEXTURE_SIZE_EXCEEDED': macro redefinition
  c:\program files (x86)\windows kits\10\include\10.0.17763.0\shared\winerror.h(56114): note: see previous definition of 'D2DERR_MAX_TEXTURE_SIZE_EXCEEDED'
e:\radev\sdk\directx\include\d2derr.h(139): warning C4005: 'D2DERR_UNSUPPORTED_VERSION': macro redefinition
  c:\program files (x86)\windows kits\10\include\10.0.17763.0\shared\winerror.h(56123): note: see previous definition of 'D2DERR_UNSUPPORTED_VERSION'
e:\radev\sdk\directx\include\d2derr.h(144): warning C4005: 'D2DERR_BAD_NUMBER': macro redefinition
  c:\program files (x86)\windows kits\10\include\10.0.17763.0\shared\winerror.h(56132): note: see previous definition of 'D2DERR_BAD_NUMBER'
e:\radev\sdk\directx\include\d2derr.h(149): warning C4005: 'D2DERR_WRONG_FACTORY': macro redefinition
  c:\program files (x86)\windows kits\10\include\10.0.17763.0\shared\winerror.h(56141): note: see previous definition of 'D2DERR_WRONG_FACTORY'
e:\radev\sdk\directx\include\d2derr.h(154): warning C4005: 'D2DERR_LAYER_ALREADY_IN_USE': macro redefinition
  c:\program files (x86)\windows kits\10\include\10.0.17763.0\shared\winerror.h(56150): note: see previous definition of 'D2DERR_LAYER_ALREADY_IN_USE'
e:\radev\sdk\directx\include\d2derr.h(159): warning C4005: 'D2DERR_POP_CALL_DID_NOT_MATCH_PUSH': macro redefinition
  c:\program files (x86)\windows kits\10\include\10.0.17763.0\shared\winerror.h(56159): note: see previous definition of 'D2DERR_POP_CALL_DID_NOT_MATCH_PUSH'
e:\radev\sdk\directx\include\d2derr.h(164): warning C4005: 'D2DERR_WRONG_RESOURCE_DOMAIN': macro redefinition
  c:\program files (x86)\windows kits\10\include\10.0.17763.0\shared\winerror.h(56168): note: see previous definition of 'D2DERR_WRONG_RESOURCE_DOMAIN'
e:\radev\sdk\directx\include\d2derr.h(169): warning C4005: 'D2DERR_PUSH_POP_UNBALANCED': macro redefinition
  c:\program files (x86)\windows kits\10\include\10.0.17763.0\shared\winerror.h(56177): note: see previous definition of 'D2DERR_PUSH_POP_UNBALANCED'
e:\radev\sdk\directx\include\d2derr.h(174): warning C4005: 'D2DERR_RENDER_TARGET_HAS_LAYER_OR_CLIPRECT': macro redefinition
  c:\program files (x86)\windows kits\10\include\10.0.17763.0\shared\winerror.h(56186): note: see previous definition of 'D2DERR_RENDER_TARGET_HAS_LAYER_OR_CLIPRECT'
e:\radev\sdk\directx\include\d2derr.h(179): warning C4005: 'D2DERR_INCOMPATIBLE_BRUSH_TYPES': macro redefinition
  c:\program files (x86)\windows kits\10\include\10.0.17763.0\shared\winerror.h(56195): note: see previous definition of 'D2DERR_INCOMPATIBLE_BRUSH_TYPES'
e:\radev\sdk\directx\include\d2derr.h(184): warning C4005: 'D2DERR_WIN32_ERROR': macro redefinition
  c:\program files (x86)\windows kits\10\include\10.0.17763.0\shared\winerror.h(56204): note: see previous definition of 'D2DERR_WIN32_ERROR'
e:\radev\sdk\directx\include\d2derr.h(189): warning C4005: 'D2DERR_TARGET_NOT_GDI_COMPATIBLE': macro redefinition
  c:\program files (x86)\windows kits\10\include\10.0.17763.0\shared\winerror.h(56213): note: see previous definition of 'D2DERR_TARGET_NOT_GDI_COMPATIBLE'
e:\radev\sdk\directx\include\d2derr.h(194): warning C4005: 'D2DERR_TEXT_EFFECT_IS_WRONG_TYPE': macro redefinition
  c:\program files (x86)\windows kits\10\include\10.0.17763.0\shared\winerror.h(56222): note: see previous definition of 'D2DERR_TEXT_EFFECT_IS_WRONG_TYPE'
e:\radev\sdk\directx\include\d2derr.h(201): warning C4005: 'D2DERR_TEXT_RENDERER_NOT_RELEASED': macro redefinition
  c:\program files (x86)\windows kits\10\include\10.0.17763.0\shared\winerror.h(56231): note: see previous definition of 'D2DERR_TEXT_RENDERER_NOT_RELEASED'
e:\radev\sdk\directx\include\d2derr.h(206): warning C4005: 'D2DERR_EXCEEDS_MAX_BITMAP_SIZE': macro redefinition
  c:\program files (x86)\windows kits\10\include\10.0.17763.0\shared\winerror.h(56240): note: see previous definition of 'D2DERR_EXCEEDS_MAX_BITMAP_SIZE'
e:\radev\sdk\directx\include\dxgitype.h(12): warning C4005: 'DXGI_STATUS_OCCLUDED': macro redefinition
  c:\program files (x86)\windows kits\10\include\10.0.17763.0\shared\winerror.h(55460): note: see previous definition of 'DXGI_STATUS_OCCLUDED'
e:\radev\sdk\directx\include\dxgitype.h(13): warning C4005: 'DXGI_STATUS_CLIPPED': macro redefinition
  c:\program files (x86)\windows kits\10\include\10.0.17763.0\shared\winerror.h(55469): note: see previous definition of 'DXGI_STATUS_CLIPPED'
e:\radev\sdk\directx\include\dxgitype.h(14): warning C4005: 'DXGI_STATUS_NO_REDIRECTION': macro redefinition
  c:\program files (x86)\windows kits\10\include\10.0.17763.0\shared\winerror.h(55478): note: see previous definition of 'DXGI_STATUS_NO_REDIRECTION'
e:\radev\sdk\directx\include\dxgitype.h(15): warning C4005: 'DXGI_STATUS_NO_DESKTOP_ACCESS': macro redefinition
  c:\program files (x86)\windows kits\10\include\10.0.17763.0\shared\winerror.h(55487): note: see previous definition of 'DXGI_STATUS_NO_DESKTOP_ACCESS'
e:\radev\sdk\directx\include\dxgitype.h(16): warning C4005: 'DXGI_STATUS_GRAPHICS_VIDPN_SOURCE_IN_USE': macro redefinition
  c:\program files (x86)\windows kits\10\include\10.0.17763.0\shared\winerror.h(55496): note: see previous definition of 'DXGI_STATUS_GRAPHICS_VIDPN_SOURCE_IN_USE'
e:\radev\sdk\directx\include\dxgitype.h(17): warning C4005: 'DXGI_STATUS_MODE_CHANGED': macro redefinition
  c:\program files (x86)\windows kits\10\include\10.0.17763.0\shared\winerror.h(55505): note: see previous definition of 'DXGI_STATUS_MODE_CHANGED'
e:\radev\sdk\directx\include\dxgitype.h(18): warning C4005: 'DXGI_STATUS_MODE_CHANGE_IN_PROGRESS': macro redefinition
  c:\program files (x86)\windows kits\10\include\10.0.17763.0\shared\winerror.h(55514): note: see previous definition of 'DXGI_STATUS_MODE_CHANGE_IN_PROGRESS'
e:\radev\sdk\directx\include\dxgitype.h(21): warning C4005: 'DXGI_ERROR_INVALID_CALL': macro redefinition
  c:\program files (x86)\windows kits\10\include\10.0.17763.0\shared\winerror.h(55529): note: see previous definition of 'DXGI_ERROR_INVALID_CALL'
e:\radev\sdk\directx\include\dxgitype.h(22): warning C4005: 'DXGI_ERROR_NOT_FOUND': macro redefinition
  c:\program files (x86)\windows kits\10\include\10.0.17763.0\shared\winerror.h(55538): note: see previous definition of 'DXGI_ERROR_NOT_FOUND'
e:\radev\sdk\directx\include\dxgitype.h(23): warning C4005: 'DXGI_ERROR_MORE_DATA': macro redefinition
  c:\program files (x86)\windows kits\10\include\10.0.17763.0\shared\winerror.h(55547): note: see previous definition of 'DXGI_ERROR_MORE_DATA'
e:\radev\sdk\directx\include\dxgitype.h(24): warning C4005: 'DXGI_ERROR_UNSUPPORTED': macro redefinition
  c:\program files (x86)\windows kits\10\include\10.0.17763.0\shared\winerror.h(55556): note: see previous definition of 'DXGI_ERROR_UNSUPPORTED'
e:\radev\sdk\directx\include\dxgitype.h(25): warning C4005: 'DXGI_ERROR_DEVICE_REMOVED': macro redefinition
  c:\program files (x86)\windows kits\10\include\10.0.17763.0\shared\winerror.h(55565): note: see previous definition of 'DXGI_ERROR_DEVICE_REMOVED'
e:\radev\sdk\directx\include\dxgitype.h(26): warning C4005: 'DXGI_ERROR_DEVICE_HUNG': macro redefinition
  c:\program files (x86)\windows kits\10\include\10.0.17763.0\shared\winerror.h(55574): note: see previous definition of 'DXGI_ERROR_DEVICE_HUNG'
e:\radev\sdk\directx\include\dxgitype.h(27): warning C4005: 'DXGI_ERROR_DEVICE_RESET': macro redefinition
  c:\program files (x86)\windows kits\10\include\10.0.17763.0\shared\winerror.h(55584): note: see previous definition of 'DXGI_ERROR_DEVICE_RESET'
e:\radev\sdk\directx\include\dxgitype.h(28): warning C4005: 'DXGI_ERROR_WAS_STILL_DRAWING': macro redefinition
  c:\program files (x86)\windows kits\10\include\10.0.17763.0\shared\winerror.h(55593): note: see previous definition of 'DXGI_ERROR_WAS_STILL_DRAWING'
e:\radev\sdk\directx\include\dxgitype.h(29): warning C4005: 'DXGI_ERROR_FRAME_STATISTICS_DISJOINT': macro redefinition
  c:\program files (x86)\windows kits\10\include\10.0.17763.0\shared\winerror.h(55603): note: see previous definition of 'DXGI_ERROR_FRAME_STATISTICS_DISJOINT'
e:\radev\sdk\directx\include\dxgitype.h(30): warning C4005: 'DXGI_ERROR_GRAPHICS_VIDPN_SOURCE_IN_USE': macro redefinition
  c:\program files (x86)\windows kits\10\include\10.0.17763.0\shared\winerror.h(55612): note: see previous definition of 'DXGI_ERROR_GRAPHICS_VIDPN_SOURCE_IN_USE'
e:\radev\sdk\directx\include\dxgitype.h(31): warning C4005: 'DXGI_ERROR_DRIVER_INTERNAL_ERROR': macro redefinition
  c:\program files (x86)\windows kits\10\include\10.0.17763.0\shared\winerror.h(55622): note: see previous definition of 'DXGI_ERROR_DRIVER_INTERNAL_ERROR'
e:\radev\sdk\directx\include\dxgitype.h(32): warning C4005: 'DXGI_ERROR_NONEXCLUSIVE': macro redefinition
  c:\program files (x86)\windows kits\10\include\10.0.17763.0\shared\winerror.h(55631): note: see previous definition of 'DXGI_ERROR_NONEXCLUSIVE'
e:\radev\sdk\directx\include\dxgitype.h(33): warning C4005: 'DXGI_ERROR_NOT_CURRENTLY_AVAILABLE': macro redefinition
  c:\program files (x86)\windows kits\10\include\10.0.17763.0\shared\winerror.h(55640): note: see previous definition of 'DXGI_ERROR_NOT_CURRENTLY_AVAILABLE'
e:\radev\sdk\directx\include\dxgitype.h(34): warning C4005: 'DXGI_ERROR_REMOTE_CLIENT_DISCONNECTED': macro redefinition
  c:\program files (x86)\windows kits\10\include\10.0.17763.0\shared\winerror.h(55650): note: see previous definition of 'DXGI_ERROR_REMOTE_CLIENT_DISCONNECTED'
e:\radev\sdk\directx\include\dxgitype.h(35): warning C4005: 'DXGI_ERROR_REMOTE_OUTOFMEMORY': macro redefinition
  c:\program files (x86)\windows kits\10\include\10.0.17763.0\shared\winerror.h(55659): note: see previous definition of 'DXGI_ERROR_REMOTE_OUTOFMEMORY'
e:\radev\sdk\directx\include\d3d10.h(608): warning C4005: 'D3D10_ERROR_TOO_MANY_UNIQUE_STATE_OBJECTS': macro redefinition
  c:\program files (x86)\windows kits\10\include\10.0.17763.0\shared\winerror.h(55899): note: see previous definition of 'D3D10_ERROR_TOO_MANY_UNIQUE_STATE_OBJECTS'
e:\radev\sdk\directx\include\d3d10.h(609): warning C4005: 'D3D10_ERROR_FILE_NOT_FOUND': macro redefinition
  c:\program files (x86)\windows kits\10\include\10.0.17763.0\shared\winerror.h(55908): note: see previous definition of 'D3D10_ERROR_FILE_NOT_FOUND'
e:\radev\sdk\directx\include\dwrite.h(4962): warning C4005: 'DWRITE_E_FILEFORMAT': macro redefinition
  c:\program files (x86)\windows kits\10\include\10.0.17763.0\shared\winerror.h(56407): note: see previous definition of 'DWRITE_E_FILEFORMAT'
e:\radev\sdk\directx\include\dwrite.h(4967): warning C4005: 'DWRITE_E_UNEXPECTED': macro redefinition
  c:\program files (x86)\windows kits\10\include\10.0.17763.0\shared\winerror.h(56416): note: see previous definition of 'DWRITE_E_UNEXPECTED'
e:\radev\sdk\directx\include\dwrite.h(4972): warning C4005: 'DWRITE_E_NOFONT': macro redefinition
  c:\program files (x86)\windows kits\10\include\10.0.17763.0\shared\winerror.h(56425): note: see previous definition of 'DWRITE_E_NOFONT'
e:\radev\sdk\directx\include\dwrite.h(4978): warning C4005: 'DWRITE_E_FILENOTFOUND': macro redefinition
  c:\program files (x86)\windows kits\10\include\10.0.17763.0\shared\winerror.h(56434): note: see previous definition of 'DWRITE_E_FILENOTFOUND'
e:\radev\sdk\directx\include\dwrite.h(4983): warning C4005: 'DWRITE_E_FILEACCESS': macro redefinition
  c:\program files (x86)\windows kits\10\include\10.0.17763.0\shared\winerror.h(56443): note: see previous definition of 'DWRITE_E_FILEACCESS'
e:\radev\sdk\directx\include\dwrite.h(4988): warning C4005: 'DWRITE_E_FONTCOLLECTIONOBSOLETE': macro redefinition
  c:\program files (x86)\windows kits\10\include\10.0.17763.0\shared\winerror.h(56452): note: see previous definition of 'DWRITE_E_FONTCOLLECTIONOBSOLETE'
e:\radev\sdk\directx\include\dwrite.h(4993): warning C4005: 'DWRITE_E_ALREADYREGISTERED': macro redefinition
  c:\program files (x86)\windows kits\10\include\10.0.17763.0\shared\winerror.h(56461): note: see previous definition of 'DWRITE_E_ALREADYREGISTERED'
  Generating Code...
  MWMUD.vcxproj -> E:\RADev\Projects\MWMUD\x64\Debug\MWMUD.exe
